12:25:56 INFO  : Processing command line option -hwspec /home/rcampos/co-diseno/multiplicador_1/multiplicador_1.sdk/design_1_wrapper.hdf.
12:26:01 INFO  : Launching XSDB server: xsdb -n -s /opt/Xilinx/SDK/2015.2/scripts/xsdb/xsdb/xsdb-server.tcl
12:26:16 INFO  : XSDB server has started successfully.
12:29:14 INFO  : Saving repository preferences.
12:29:14 INFO  : Reading in cores from local repositories: 
		 /home/rcampos/co-diseno/ip_repo/my_mult_1.0
12:29:14 INFO  : Cleaning BSP projects in the workspace.
12:29:30 INFO  : No changes in MSS file content so not generating sources.
12:36:35 INFO  : Launching XSDB server: xsdb -n -s /opt/Xilinx/SDK/2015.2/scripts/xsdb/xsdb/xsdb-server.tcl
12:36:36 INFO  : XSDB server has started successfully.
12:36:38 INFO  : Processing command line option -hwspec /home/rcampos/co-diseno/multiplicador_1/multiplicador_1.sdk/design_1_wrapper.hdf.
12:36:38 INFO  : Restoring local repository preferences: 
		 /home/rcampos/co-diseno/ip_repo/my_mult_1.0
12:36:39 INFO  : Checking for hwspec changes in the project design_1_wrapper_hw_platform_0.
12:39:17 INFO  : Launching XSDB server: xsdb -n -s /opt/Xilinx/SDK/2015.2/scripts/xsdb/xsdb/xsdb-server.tcl
12:39:18 INFO  : XSDB server has started successfully.
12:39:19 INFO  : Processing command line option -hwspec /home/rcampos/co-diseno/multiplicador_1/multiplicador_1.sdk/design_1_wrapper.hdf.
12:39:19 INFO  : Restoring local repository preferences: 
		 /home/rcampos/co-diseno/ip_repo/my_mult_1.0
12:39:20 INFO  : Checking for hwspec changes in the project design_1_wrapper_hw_platform_0.
12:39:20 INFO  : SDK has detected change in the last modified timestamps for source hardware specification file Source:1443627397000,  Project:1443626700000
12:39:20 INFO  : The hardware specification for project 'design_1_wrapper_hw_platform_0' is different from /home/rcampos/co-diseno/multiplicador_1/multiplicador_1.sdk/design_1_wrapper.hdf.
12:39:20 INFO  : Copied contents of /home/rcampos/co-diseno/multiplicador_1/multiplicador_1.sdk/design_1_wrapper.hdf into /design_1_wrapper_hw_platform_0/system.hdf.
12:39:29 INFO  : Synchronizing projects in the workspace with the hardware platform specification changes.
12:39:31 INFO  : 
12:39:32 INFO  : Updating hardware inferred compiler options for test_my_mult.
12:39:32 INFO  : Clearing existing target manager status.
12:39:56 INFO  : Connected to target on host '127.0.0.1' and port '3121'.
12:39:56 INFO  : 'targets -set -filter {jtag_cable_name =~ "Digilent Zybo 210279655795A" && level==0} -index 1' command is executed.
12:39:58 INFO  : FPGA configured successfully with bitstream "/home/rcampos/co-diseno/multiplicador_1/multiplicador_1.sdk/design_1_wrapper_hw_platform_0/design_1_wrapper.bit"
12:41:34 INFO  : ps7_init is completed.
12:41:34 INFO  : ps7_post_config is completed.
12:41:35 INFO  : Processor reset is completed for ps7_cortexa9_0
12:42:11 INFO  : Processor reset is completed for ps7_cortexa9_0
12:42:43 INFO  : Processor reset is completed for ps7_cortexa9_0
12:43:12 INFO  : ps7_cortexa9_0 Processor is in use. Please stop existing Run or Debug sessions before launching.
12:43:16 INFO  : Processor reset is completed for ps7_cortexa9_0
12:44:00 INFO  : Processor reset is completed for ps7_cortexa9_0
12:45:02 INFO  : ps7_cortexa9_0 Processor is in use. Please stop existing Run or Debug sessions before launching.
12:45:04 INFO  : Processor reset is completed for ps7_cortexa9_0
12:45:22 INFO  : ps7_cortexa9_0 Processor is in use. Please stop existing Run or Debug sessions before launching.
12:45:23 INFO  : Processor reset is completed for ps7_cortexa9_0
12:45:43 INFO  : Processor reset is completed for ps7_cortexa9_0
12:46:22 INFO  : Connected to target on host '127.0.0.1' and port '3121'.
12:46:22 INFO  : 'targets -set -filter {jtag_cable_name =~ "Digilent Zybo 210279655795A" && level==0} -index 1' command is executed.
12:46:23 INFO  : FPGA configured successfully with bitstream "/home/rcampos/co-diseno/multiplicador_1/multiplicador_1.sdk/design_1_wrapper_hw_platform_0/design_1_wrapper.bit"
12:46:36 INFO  : ps7_cortexa9_0 Processor is in use. Please stop existing Run or Debug sessions before launching.
12:46:39 INFO  : Processor reset is completed for ps7_cortexa9_0
12:47:11 ERROR : Unexpected error while launching program.
java.lang.RuntimeException: Error while running ps7_init method.
No Target with ID 64 in the System


	at com.xilinx.sdk.targetmanager.internal.TM.run_ps7_init(TM.java:1073)
	at com.xilinx.sdk.debug.core.XilinxAppLaunchConfigurationDelegate.runTargetSetup(XilinxAppLaunchConfigurationDelegate.java:486)
	at com.xilinx.sdk.debug.core.XilinxAppLaunchConfigurationDelegate.runApplication(XilinxAppLaunchConfigurationDelegate.java:588)
	at com.xilinx.sdk.debug.core.XilinxAppLaunchConfigurationDelegate.launch(XilinxAppLaunchConfigurationDelegate.java:296)
	at com.xilinx.sdk.debug.ui.XilinxAppLaunchDelegateWrapper.launch(XilinxAppLaunchDelegateWrapper.java:31)
	at org.eclipse.debug.internal.core.LaunchConfiguration.launch(LaunchConfiguration.java:858)
	at org.eclipse.debug.internal.core.LaunchConfiguration.launch(LaunchConfiguration.java:707)
	at org.eclipse.debug.internal.ui.DebugUIPlugin.buildAndLaunch(DebugUIPlugin.java:1018)
	at org.eclipse.debug.internal.ui.DebugUIPlugin$8.run(DebugUIPlugin.java:1222)
	at org.eclipse.core.internal.jobs.Worker.run(Worker.java:53)
12:47:37 INFO  : FPGA Cable Disconnected. All active launches will be terminated.
12:48:07 INFO  : Time out for XMD transaction is 60000
If you want to increase the timeout value, goto Windows-> Preferences -> Xilinx SDK -> XMD Startup
12:48:07 ERROR : Timeout occured while waiting to get reply for command "xdisconnect 64"
12:48:07 ERROR : Disconnect target failed.
12:48:07 ERROR : Disconnect target failed.No Target with ID 64 in the System


12:48:07 ERROR : Disconnect target failed.No Target with ID 64 in the System


12:48:07 ERROR : Unable to disconnect from existing targets
java.lang.RuntimeException: No Target with ID 64 in the System


	at com.xilinx.sdk.targetmanager.internal.TM.disconnectTarget(TM.java:327)
	at com.xilinx.sdk.targetmanager.internal.TM.disconnectExistingTargets(TM.java:306)
	at com.xilinx.sdk.targetmanager.internal.TM.terminate(TM.java:210)
	at com.xilinx.sdk.targetmanager.TMPlugin.stop(TMPlugin.java:69)
	at org.eclipse.osgi.framework.internal.core.BundleContextImpl$2.run(BundleContextImpl.java:771)
	at java.security.AccessController.doPrivileged(Native Method)
	at org.eclipse.osgi.framework.internal.core.BundleContextImpl.stop(BundleContextImpl.java:764)
	at org.eclipse.osgi.framework.internal.core.BundleHost.stopWorker(BundleHost.java:510)
	at org.eclipse.osgi.framework.internal.core.AbstractBundle.suspend(AbstractBundle.java:566)
	at org.eclipse.osgi.framework.internal.core.Framework.suspendBundle(Framework.java:1206)
	at org.eclipse.osgi.framework.internal.core.StartLevelManager.decFWSL(StartLevelManager.java:592)
	at org.eclipse.osgi.framework.internal.core.StartLevelManager.doSetStartLevel(StartLevelManager.java:257)
	at org.eclipse.osgi.framework.internal.core.StartLevelManager.shutdown(StartLevelManager.java:215)
	at org.eclipse.osgi.framework.internal.core.InternalSystemBundle.suspend(InternalSystemBundle.java:284)
	at org.eclipse.osgi.framework.internal.core.Framework.shutdown(Framework.java:692)
	at org.eclipse.osgi.framework.internal.core.Framework.close(Framework.java:600)
	at org.eclipse.core.runtime.adaptor.EclipseStarter.shutdown(EclipseStarter.java:400)
	at org.eclipse.core.runtime.adaptor.EclipseStarter.run(EclipseStarter.java:200)
	at sun.reflect.NativeMethodAccessorImpl.invoke0(Native Method)
	at sun.reflect.NativeMethodAccessorImpl.invoke(NativeMethodAccessorImpl.java:62)
	at sun.reflect.DelegatingMethodAccessorImpl.invoke(DelegatingMethodAccessorImpl.java:43)
	at java.lang.reflect.Method.invoke(Method.java:483)
	at org.eclipse.equinox.launcher.Main.invokeFramework(Main.java:636)
	at org.eclipse.equinox.launcher.Main.basicRun(Main.java:591)
	at org.eclipse.equinox.launcher.Main.run(Main.java:1450)
	at org.eclipse.equinox.launcher.Main.main(Main.java:1426)
12:48:07 ERROR : Unexpected error while parsing XMD response ￿: com.google.gson.JsonSyntaxException: com.google.gson.stream.MalformedJsonException: invalid number or unquoted string near 
12:48:07 ERROR : Disconnect target failed.No Target with ID 64 in the System


12:51:23 INFO  : Launching XSDB server: xsdb -n -s /opt/Xilinx/SDK/2015.2/scripts/xsdb/xsdb/xsdb-server.tcl
12:51:24 INFO  : XSDB server has started successfully.
12:51:25 INFO  : Processing command line option -hwspec /home/rcampos/co-diseno/multiplicador_1/multiplicador_1.sdk/design_1_wrapper.hdf.
12:51:26 INFO  : Restoring local repository preferences: 
		 /home/rcampos/co-diseno/ip_repo/my_mult_1.0
12:51:26 INFO  : Checking for hwspec changes in the project design_1_wrapper_hw_platform_0.
12:51:27 INFO  : SDK has detected change in the last modified timestamps for source hardware specification file Source:1443628261000,  Project:1443627397000
12:51:27 INFO  : The hardware specification for project 'design_1_wrapper_hw_platform_0' is different from /home/rcampos/co-diseno/multiplicador_1/multiplicador_1.sdk/design_1_wrapper.hdf.
12:51:27 INFO  : Copied contents of /home/rcampos/co-diseno/multiplicador_1/multiplicador_1.sdk/design_1_wrapper.hdf into /design_1_wrapper_hw_platform_0/system.hdf.
12:51:35 INFO  : Synchronizing projects in the workspace with the hardware platform specification changes.
12:51:37 INFO  : 
12:51:38 INFO  : Updating hardware inferred compiler options for test_my_mult.
12:51:38 INFO  : Clearing existing target manager status.
12:51:57 INFO  : Connected to target on host '127.0.0.1' and port '3121'.
12:51:57 INFO  : 'targets -set -filter {jtag_cable_name =~ "Digilent Zybo 210279655795A" && level==0} -index 1' command is executed.
12:51:58 INFO  : FPGA configured successfully with bitstream "/home/rcampos/co-diseno/multiplicador_1/multiplicador_1.sdk/design_1_wrapper_hw_platform_0/design_1_wrapper.bit"
12:52:24 INFO  : ps7_init is completed.
12:52:24 INFO  : ps7_post_config is completed.
12:52:24 INFO  : Processor reset is completed for ps7_cortexa9_0
12:52:48 INFO  : Connected to target on host '127.0.0.1' and port '3121'.
12:52:48 INFO  : 'targets -set -filter {jtag_cable_name =~ "Digilent Zybo 210279655795A" && level==0} -index 1' command is executed.
12:52:49 INFO  : FPGA configured successfully with bitstream "/home/rcampos/co-diseno/multiplicador_1/multiplicador_1.sdk/design_1_wrapper_hw_platform_0/design_1_wrapper.bit"
12:52:56 INFO  : Processor reset is completed for ps7_cortexa9_0
12:53:59 ERROR : Unexpected error while parsing XMD response ￿: com.google.gson.JsonSyntaxException: com.google.gson.stream.MalformedJsonException: invalid number or unquoted string near 
12:54:18 INFO  : Launching XSDB server: xsdb -n -s /opt/Xilinx/SDK/2015.2/scripts/xsdb/xsdb/xsdb-server.tcl
12:54:19 INFO  : XSDB server has started successfully.
12:54:19 INFO  : Processing command line option -hwspec /home/rcampos/co-diseno/multiplicador_1/multiplicador_1.sdk/design_1_wrapper.hdf.
12:54:20 INFO  : Restoring local repository preferences: 
		 /home/rcampos/co-diseno/ip_repo/my_mult_1.0
12:54:20 INFO  : Checking for hwspec changes in the project design_1_wrapper_hw_platform_0.
12:54:55 INFO  : ps7_init is completed.
12:54:55 INFO  : ps7_post_config is completed.
12:54:55 INFO  : Processor reset is completed for ps7_cortexa9_0
12:55:06 ERROR : Unexpected error while parsing XMD response ￿: com.google.gson.JsonSyntaxException: com.google.gson.stream.MalformedJsonException: invalid number or unquoted string near 
12:55:28 INFO  : Launching XSDB server: xsdb -n -s /opt/Xilinx/SDK/2015.2/scripts/xsdb/xsdb/xsdb-server.tcl
12:55:29 INFO  : XSDB server has started successfully.
12:55:30 INFO  : Processing command line option -hwspec /home/rcampos/co-diseno/multiplicador_1/multiplicador_1.sdk/design_1_wrapper.hdf.
12:55:30 INFO  : Restoring local repository preferences: 
		 /home/rcampos/co-diseno/ip_repo/my_mult_1.0
12:55:31 INFO  : Checking for hwspec changes in the project design_1_wrapper_hw_platform_0.
12:55:49 INFO  : Connected to target on host '127.0.0.1' and port '3121'.
12:55:50 INFO  : 'targets -set -filter {jtag_cable_name =~ "Digilent Zybo 210279655795A" && level==0} -index 1' command is executed.
12:55:51 INFO  : FPGA configured successfully with bitstream "/home/rcampos/co-diseno/multiplicador_1/multiplicador_1.sdk/design_1_wrapper_hw_platform_0/design_1_wrapper.bit"
12:56:26 INFO  : Processor reset is completed for ps7_cortexa9_0
12:56:59 INFO  : Processor reset is completed for ps7_cortexa9_0
12:57:09 ERROR : Unexpected error while parsing XMD response ￿: com.google.gson.JsonSyntaxException: com.google.gson.stream.MalformedJsonException: invalid number or unquoted string near 
13:01:28 INFO  : Launching XSDB server: xsdb -n -s /opt/Xilinx/SDK/2015.2/scripts/xsdb/xsdb/xsdb-server.tcl
13:01:29 INFO  : XSDB server has started successfully.
13:01:30 INFO  : Processing command line option -hwspec /home/rcampos/co-diseno/multiplicador_1/multiplicador_1.sdk/design_1_wrapper.hdf.
13:01:31 INFO  : Restoring local repository preferences: 
		 /home/rcampos/co-diseno/ip_repo/my_mult_1.0
13:01:31 INFO  : Checking for hwspec changes in the project design_1_wrapper_hw_platform_0.
13:01:32 INFO  : SDK has detected change in the last modified timestamps for source hardware specification file Source:1443628847000,  Project:1443628261000
13:01:32 INFO  : The hardware specification for project 'design_1_wrapper_hw_platform_0' is different from /home/rcampos/co-diseno/multiplicador_1/multiplicador_1.sdk/design_1_wrapper.hdf.
13:01:32 INFO  : Copied contents of /home/rcampos/co-diseno/multiplicador_1/multiplicador_1.sdk/design_1_wrapper.hdf into /design_1_wrapper_hw_platform_0/system.hdf.
13:01:34 INFO  : Synchronizing projects in the workspace with the hardware platform specification changes.
13:01:36 INFO  : 
13:01:37 INFO  : Updating hardware inferred compiler options for test_my_mult.
13:01:37 INFO  : Clearing existing target manager status.
13:01:59 INFO  : Connected to target on host '127.0.0.1' and port '3121'.
13:01:59 INFO  : 'targets -set -filter {jtag_cable_name =~ "Digilent Zybo 210279655795A" && level==0} -index 1' command is executed.
13:02:00 INFO  : FPGA configured successfully with bitstream "/home/rcampos/co-diseno/multiplicador_1/multiplicador_1.sdk/design_1_wrapper_hw_platform_0/design_1_wrapper.bit"
13:02:07 INFO  : ps7_init is completed.
13:02:07 INFO  : ps7_post_config is completed.
13:02:08 INFO  : Processor reset is completed for ps7_cortexa9_0
13:02:20 INFO  : Processor reset is completed for ps7_cortexa9_0
13:02:40 INFO  : Processor reset is completed for ps7_cortexa9_0
13:03:02 INFO  : ps7_cortexa9_0 Processor is in use. Please stop existing Run or Debug sessions before launching.
13:03:12 INFO  : ps7_cortexa9_0 Processor is in use. Please stop existing Run or Debug sessions before launching.
13:03:17 INFO  : Processor reset is completed for ps7_cortexa9_0
13:03:43 INFO  : Processor reset is completed for ps7_cortexa9_0
13:04:09 ERROR : Unexpected exception while reading from serial port: {}
java.io.IOException: Error de entrada/salida in nativeavailable
	at gnu.io.RXTXPort.nativeavailable(Native Method)
	at gnu.io.RXTXPort$SerialInputStream.available(RXTXPort.java:1532)
	at com.xilinx.sdk.debug.core.internal.comm.SerialStreamMonitor.serialEvent(SerialStreamMonitor.java:36)
	at gnu.io.RXTXPort.sendEvent(RXTXPort.java:732)
	at gnu.io.RXTXPort.eventLoop(Native Method)
	at gnu.io.RXTXPort$MonitorThread.run(RXTXPort.java:1575)
13:04:09 ERROR : Unexpected exception while reading from serial port: {}
java.io.IOException: Error de entrada/salida in nativeavailable
	at gnu.io.RXTXPort.nativeavailable(Native Method)
	at gnu.io.RXTXPort$SerialInputStream.available(RXTXPort.java:1532)
	at com.xilinx.sdk.debug.core.internal.comm.SerialStreamMonitor.serialEvent(SerialStreamMonitor.java:36)
	at gnu.io.RXTXPort.sendEvent(RXTXPort.java:732)
	at gnu.io.RXTXPort.eventLoop(Native Method)
	at gnu.io.RXTXPort$MonitorThread.run(RXTXPort.java:1575)
13:04:09 ERROR : Unexpected exception while reading from serial port: {}
java.io.IOException: Error de entrada/salida in nativeavailable
	at gnu.io.RXTXPort.nativeavailable(Native Method)
	at gnu.io.RXTXPort$SerialInputStream.available(RXTXPort.java:1532)
	at com.xilinx.sdk.debug.core.internal.comm.SerialStreamMonitor.serialEvent(SerialStreamMonitor.java:36)
	at gnu.io.RXTXPort.sendEvent(RXTXPort.java:732)
	at gnu.io.RXTXPort.eventLoop(Native Method)
	at gnu.io.RXTXPort$MonitorThread.run(RXTXPort.java:1575)
13:04:09 ERROR : Unexpected exception while reading from serial port: {}
java.io.IOException: Error de entrada/salida in nativeavailable
	at gnu.io.RXTXPort.nativeavailable(Native Method)
	at gnu.io.RXTXPort$SerialInputStream.available(RXTXPort.java:1532)
	at com.xilinx.sdk.debug.core.internal.comm.SerialStreamMonitor.serialEvent(SerialStreamMonitor.java:36)
	at gnu.io.RXTXPort.sendEvent(RXTXPort.java:732)
	at gnu.io.RXTXPort.eventLoop(Native Method)
	at gnu.io.RXTXPort$MonitorThread.run(RXTXPort.java:1575)
13:04:09 ERROR : Unexpected exception while reading from serial port: {}
java.io.IOException: Error de entrada/salida in nativeavailable
	at gnu.io.RXTXPort.nativeavailable(Native Method)
	at gnu.io.RXTXPort$SerialInputStream.available(RXTXPort.java:1532)
	at com.xilinx.sdk.debug.core.internal.comm.SerialStreamMonitor.serialEvent(SerialStreamMonitor.java:36)
	at gnu.io.RXTXPort.sendEvent(RXTXPort.java:732)
	at gnu.io.RXTXPort.eventLoop(Native Method)
	at gnu.io.RXTXPort$MonitorThread.run(RXTXPort.java:1575)
13:04:09 ERROR : Unexpected exception while reading from serial port: {}
java.io.IOException: Error de entrada/salida in nativeavailable
	at gnu.io.RXTXPort.nativeavailable(Native Method)
	at gnu.io.RXTXPort$SerialInputStream.available(RXTXPort.java:1532)
	at com.xilinx.sdk.debug.core.internal.comm.SerialStreamMonitor.serialEvent(SerialStreamMonitor.java:36)
	at gnu.io.RXTXPort.sendEvent(RXTXPort.java:732)
	at gnu.io.RXTXPort.eventLoop(Native Method)
	at gnu.io.RXTXPort$MonitorThread.run(RXTXPort.java:1575)
13:04:09 ERROR : Unexpected exception while reading from serial port: {}
java.io.IOException: Error de entrada/salida in nativeavailable
	at gnu.io.RXTXPort.nativeavailable(Native Method)
	at gnu.io.RXTXPort$SerialInputStream.available(RXTXPort.java:1532)
	at com.xilinx.sdk.debug.core.internal.comm.SerialStreamMonitor.serialEvent(SerialStreamMonitor.java:36)
	at gnu.io.RXTXPort.sendEvent(RXTXPort.java:732)
	at gnu.io.RXTXPort.eventLoop(Native Method)
	at gnu.io.RXTXPort$MonitorThread.run(RXTXPort.java:1575)
13:04:09 ERROR : Unexpected exception while reading from serial port: {}
java.io.IOException: Error de entrada/salida in nativeavailable
	at gnu.io.RXTXPort.nativeavailable(Native Method)
	at gnu.io.RXTXPort$SerialInputStream.available(RXTXPort.java:1532)
	at com.xilinx.sdk.debug.core.internal.comm.SerialStreamMonitor.serialEvent(SerialStreamMonitor.java:36)
	at gnu.io.RXTXPort.sendEvent(RXTXPort.java:732)
	at gnu.io.RXTXPort.eventLoop(Native Method)
	at gnu.io.RXTXPort$MonitorThread.run(RXTXPort.java:1575)
13:04:09 ERROR : Unexpected exception while reading from serial port: {}
java.io.IOException: Error de entrada/salida in nativeavailable
	at gnu.io.RXTXPort.nativeavailable(Native Method)
	at gnu.io.RXTXPort$SerialInputStream.available(RXTXPort.java:1532)
	at com.xilinx.sdk.debug.core.internal.comm.SerialStreamMonitor.serialEvent(SerialStreamMonitor.java:36)
	at gnu.io.RXTXPort.sendEvent(RXTXPort.java:732)
	at gnu.io.RXTXPort.eventLoop(Native Method)
	at gnu.io.RXTXPort$MonitorThread.run(RXTXPort.java:1575)
13:04:09 ERROR : Unexpected exception while reading from serial port: {}
java.io.IOException: Error de entrada/salida in nativeavailable
	at gnu.io.RXTXPort.nativeavailable(Native Method)
	at gnu.io.RXTXPort$SerialInputStream.available(RXTXPort.java:1532)
	at com.xilinx.sdk.debug.core.internal.comm.SerialStreamMonitor.serialEvent(SerialStreamMonitor.java:36)
	at gnu.io.RXTXPort.sendEvent(RXTXPort.java:732)
	at gnu.io.RXTXPort.eventLoop(Native Method)
	at gnu.io.RXTXPort$MonitorThread.run(RXTXPort.java:1575)
13:04:29 INFO  : Connected to target on host '127.0.0.1' and port '3121'.
13:04:29 INFO  : 'targets -set -filter {jtag_cable_name =~ "Digilent Zybo 210279655795A" && level==0} -index 1' command is executed.
13:04:31 INFO  : FPGA configured successfully with bitstream "/home/rcampos/co-diseno/multiplicador_1/multiplicador_1.sdk/design_1_wrapper_hw_platform_0/design_1_wrapper.bit"
13:04:49 INFO  : ps7_init is completed.
13:04:49 INFO  : ps7_post_config is completed.
13:04:50 INFO  : Processor reset is completed for ps7_cortexa9_0
13:05:04 INFO  : Processor reset is completed for ps7_cortexa9_0
13:05:16 ERROR : Unexpected exception while reading from serial port: {}
java.io.IOException: Error de entrada/salida in nativeavailable
	at gnu.io.RXTXPort.nativeavailable(Native Method)
	at gnu.io.RXTXPort$SerialInputStream.available(RXTXPort.java:1532)
	at com.xilinx.sdk.debug.core.internal.comm.SerialStreamMonitor.serialEvent(SerialStreamMonitor.java:36)
	at gnu.io.RXTXPort.sendEvent(RXTXPort.java:732)
	at gnu.io.RXTXPort.eventLoop(Native Method)
	at gnu.io.RXTXPort$MonitorThread.run(RXTXPort.java:1575)
13:05:16 ERROR : Unexpected exception while reading from serial port: {}
java.io.IOException: Error de entrada/salida in nativeavailable
	at gnu.io.RXTXPort.nativeavailable(Native Method)
	at gnu.io.RXTXPort$SerialInputStream.available(RXTXPort.java:1532)
	at com.xilinx.sdk.debug.core.internal.comm.SerialStreamMonitor.serialEvent(SerialStreamMonitor.java:36)
	at gnu.io.RXTXPort.sendEvent(RXTXPort.java:732)
	at gnu.io.RXTXPort.eventLoop(Native Method)
	at gnu.io.RXTXPort$MonitorThread.run(RXTXPort.java:1575)
13:05:16 ERROR : Unexpected exception while reading from serial port: {}
java.io.IOException: Error de entrada/salida in nativeavailable
	at gnu.io.RXTXPort.nativeavailable(Native Method)
	at gnu.io.RXTXPort$SerialInputStream.available(RXTXPort.java:1532)
	at com.xilinx.sdk.debug.core.internal.comm.SerialStreamMonitor.serialEvent(SerialStreamMonitor.java:36)
	at gnu.io.RXTXPort.sendEvent(RXTXPort.java:732)
	at gnu.io.RXTXPort.eventLoop(Native Method)
	at gnu.io.RXTXPort$MonitorThread.run(RXTXPort.java:1575)
13:05:16 ERROR : Unexpected exception while reading from serial port: {}
java.io.IOException: Error de entrada/salida in nativeavailable
	at gnu.io.RXTXPort.nativeavailable(Native Method)
	at gnu.io.RXTXPort$SerialInputStream.available(RXTXPort.java:1532)
	at com.xilinx.sdk.debug.core.internal.comm.SerialStreamMonitor.serialEvent(SerialStreamMonitor.java:36)
	at gnu.io.RXTXPort.sendEvent(RXTXPort.java:732)
	at gnu.io.RXTXPort.eventLoop(Native Method)
	at gnu.io.RXTXPort$MonitorThread.run(RXTXPort.java:1575)
13:05:16 ERROR : Unexpected exception while reading from serial port: {}
java.io.IOException: Error de entrada/salida in nativeavailable
	at gnu.io.RXTXPort.nativeavailable(Native Method)
	at gnu.io.RXTXPort$SerialInputStream.available(RXTXPort.java:1532)
	at com.xilinx.sdk.debug.core.internal.comm.SerialStreamMonitor.serialEvent(SerialStreamMonitor.java:36)
	at gnu.io.RXTXPort.sendEvent(RXTXPort.java:732)
	at gnu.io.RXTXPort.eventLoop(Native Method)
	at gnu.io.RXTXPort$MonitorThread.run(RXTXPort.java:1575)
13:05:16 ERROR : Unexpected exception while reading from serial port: {}
java.io.IOException: Error de entrada/salida in nativeavailable
	at gnu.io.RXTXPort.nativeavailable(Native Method)
	at gnu.io.RXTXPort$SerialInputStream.available(RXTXPort.java:1532)
	at com.xilinx.sdk.debug.core.internal.comm.SerialStreamMonitor.serialEvent(SerialStreamMonitor.java:36)
	at gnu.io.RXTXPort.sendEvent(RXTXPort.java:732)
	at gnu.io.RXTXPort.eventLoop(Native Method)
	at gnu.io.RXTXPort$MonitorThread.run(RXTXPort.java:1575)
13:05:16 ERROR : Unexpected exception while reading from serial port: {}
java.io.IOException: Error de entrada/salida in nativeavailable
	at gnu.io.RXTXPort.nativeavailable(Native Method)
	at gnu.io.RXTXPort$SerialInputStream.available(RXTXPort.java:1532)
	at com.xilinx.sdk.debug.core.internal.comm.SerialStreamMonitor.serialEvent(SerialStreamMonitor.java:36)
	at gnu.io.RXTXPort.sendEvent(RXTXPort.java:732)
	at gnu.io.RXTXPort.eventLoop(Native Method)
	at gnu.io.RXTXPort$MonitorThread.run(RXTXPort.java:1575)
13:05:16 ERROR : Unexpected exception while reading from serial port: {}
java.io.IOException: Error de entrada/salida in nativeavailable
	at gnu.io.RXTXPort.nativeavailable(Native Method)
	at gnu.io.RXTXPort$SerialInputStream.available(RXTXPort.java:1532)
	at com.xilinx.sdk.debug.core.internal.comm.SerialStreamMonitor.serialEvent(SerialStreamMonitor.java:36)
	at gnu.io.RXTXPort.sendEvent(RXTXPort.java:732)
	at gnu.io.RXTXPort.eventLoop(Native Method)
	at gnu.io.RXTXPort$MonitorThread.run(RXTXPort.java:1575)
13:05:16 ERROR : Unexpected exception while reading from serial port: {}
java.io.IOException: Error de entrada/salida in nativeavailable
	at gnu.io.RXTXPort.nativeavailable(Native Method)
	at gnu.io.RXTXPort$SerialInputStream.available(RXTXPort.java:1532)
	at com.xilinx.sdk.debug.core.internal.comm.SerialStreamMonitor.serialEvent(SerialStreamMonitor.java:36)
	at gnu.io.RXTXPort.sendEvent(RXTXPort.java:732)
	at gnu.io.RXTXPort.eventLoop(Native Method)
	at gnu.io.RXTXPort$MonitorThread.run(RXTXPort.java:1575)
13:05:16 ERROR : Unexpected exception while reading from serial port: {}
java.io.IOException: Error de entrada/salida in nativeavailable
	at gnu.io.RXTXPort.nativeavailable(Native Method)
	at gnu.io.RXTXPort$SerialInputStream.available(RXTXPort.java:1532)
	at com.xilinx.sdk.debug.core.internal.comm.SerialStreamMonitor.serialEvent(SerialStreamMonitor.java:36)
	at gnu.io.RXTXPort.sendEvent(RXTXPort.java:732)
	at gnu.io.RXTXPort.eventLoop(Native Method)
	at gnu.io.RXTXPort$MonitorThread.run(RXTXPort.java:1575)
13:05:16 ERROR : Unexpected exception while reading from serial port: {}
java.io.IOException: Error de entrada/salida in nativeavailable
	at gnu.io.RXTXPort.nativeavailable(Native Method)
	at gnu.io.RXTXPort$SerialInputStream.available(RXTXPort.java:1532)
	at com.xilinx.sdk.debug.core.internal.comm.SerialStreamMonitor.serialEvent(SerialStreamMonitor.java:36)
	at gnu.io.RXTXPort.sendEvent(RXTXPort.java:732)
	at gnu.io.RXTXPort.eventLoop(Native Method)
	at gnu.io.RXTXPort$MonitorThread.run(RXTXPort.java:1575)
13:05:16 ERROR : Unexpected exception while reading from serial port: {}
java.io.IOException: Error de entrada/salida in nativeavailable
	at gnu.io.RXTXPort.nativeavailable(Native Method)
	at gnu.io.RXTXPort$SerialInputStream.available(RXTXPort.java:1532)
	at com.xilinx.sdk.debug.core.internal.comm.SerialStreamMonitor.serialEvent(SerialStreamMonitor.java:36)
	at gnu.io.RXTXPort.sendEvent(RXTXPort.java:732)
	at gnu.io.RXTXPort.eventLoop(Native Method)
	at gnu.io.RXTXPort$MonitorThread.run(RXTXPort.java:1575)
13:05:16 ERROR : Unexpected exception while reading from serial port: {}
java.io.IOException: Error de entrada/salida in nativeavailable
	at gnu.io.RXTXPort.nativeavailable(Native Method)
	at gnu.io.RXTXPort$SerialInputStream.available(RXTXPort.java:1532)
	at com.xilinx.sdk.debug.core.internal.comm.SerialStreamMonitor.serialEvent(SerialStreamMonitor.java:36)
	at gnu.io.RXTXPort.sendEvent(RXTXPort.java:732)
	at gnu.io.RXTXPort.eventLoop(Native Method)
	at gnu.io.RXTXPort$MonitorThread.run(RXTXPort.java:1575)
13:05:43 ERROR : Unexpected error while parsing XMD response ￿: com.google.gson.JsonSyntaxException: com.google.gson.stream.MalformedJsonException: invalid number or unquoted string near 
13:10:31 INFO  : Launching XSDB server: xsdb -n -s /opt/Xilinx/SDK/2015.2/scripts/xsdb/xsdb/xsdb-server.tcl
13:10:33 INFO  : Processing command line option -hwspec /home/rcampos/co-diseno/multiplicador_1/multiplicador_1.sdk/design_1_wrapper.hdf.
13:10:34 INFO  : Restoring local repository preferences: 
		 /home/rcampos/co-diseno/ip_repo/my_mult_1.0
13:10:34 INFO  : Checking for hwspec changes in the project design_1_wrapper_hw_platform_0.
13:10:34 INFO  : SDK has detected change in the last modified timestamps for source hardware specification file Source:1443629395000,  Project:1443628847000
13:10:34 INFO  : The hardware specification for project 'design_1_wrapper_hw_platform_0' is different from /home/rcampos/co-diseno/multiplicador_1/multiplicador_1.sdk/design_1_wrapper.hdf.
13:10:35 INFO  : Copied contents of /home/rcampos/co-diseno/multiplicador_1/multiplicador_1.sdk/design_1_wrapper.hdf into /design_1_wrapper_hw_platform_0/system.hdf.
13:10:37 INFO  : XSDB server has started successfully.
13:10:43 INFO  : Synchronizing projects in the workspace with the hardware platform specification changes.
13:10:46 INFO  : 
13:10:47 INFO  : Updating hardware inferred compiler options for test_my_mult.
13:10:47 INFO  : Clearing existing target manager status.
13:11:54 INFO  : Connected to target on host '127.0.0.1' and port '3121'.
13:11:54 INFO  : 'targets -set -filter {jtag_cable_name =~ "Digilent Zybo 210279655795A" && level==0} -index 1' command is executed.
13:11:56 INFO  : FPGA configured successfully with bitstream "/home/rcampos/co-diseno/multiplicador_1/multiplicador_1.sdk/design_1_wrapper_hw_platform_0/design_1_wrapper.bit"
13:12:08 INFO  : ps7_init is completed.
13:12:08 INFO  : ps7_post_config is completed.
13:12:08 INFO  : Processor reset is completed for ps7_cortexa9_0
13:12:46 INFO  : Processor reset is completed for ps7_cortexa9_0
13:13:00 INFO  : Connected to target on host '127.0.0.1' and port '3121'.
13:13:00 INFO  : 'targets -set -filter {jtag_cable_name =~ "Digilent Zybo 210279655795A" && level==0} -index 1' command is executed.
13:13:01 INFO  : FPGA configured successfully with bitstream "/home/rcampos/co-diseno/multiplicador_1/multiplicador_1.sdk/design_1_wrapper_hw_platform_0/design_1_wrapper.bit"
13:13:43 INFO  : Processor reset is completed for ps7_cortexa9_0
13:14:43 ERROR : Unexpected exception while reading from serial port: {}
java.io.IOException: Error de entrada/salida in nativeavailable
	at gnu.io.RXTXPort.nativeavailable(Native Method)
	at gnu.io.RXTXPort$SerialInputStream.available(RXTXPort.java:1532)
	at com.xilinx.sdk.debug.core.internal.comm.SerialStreamMonitor.serialEvent(SerialStreamMonitor.java:36)
	at gnu.io.RXTXPort.sendEvent(RXTXPort.java:732)
	at gnu.io.RXTXPort.eventLoop(Native Method)
	at gnu.io.RXTXPort$MonitorThread.run(RXTXPort.java:1575)
13:14:43 ERROR : Unexpected exception while reading from serial port: {}
java.io.IOException: Error de entrada/salida in nativeavailable
	at gnu.io.RXTXPort.nativeavailable(Native Method)
	at gnu.io.RXTXPort$SerialInputStream.available(RXTXPort.java:1532)
	at com.xilinx.sdk.debug.core.internal.comm.SerialStreamMonitor.serialEvent(SerialStreamMonitor.java:36)
	at gnu.io.RXTXPort.sendEvent(RXTXPort.java:732)
	at gnu.io.RXTXPort.eventLoop(Native Method)
	at gnu.io.RXTXPort$MonitorThread.run(RXTXPort.java:1575)
13:14:43 ERROR : Unexpected exception while reading from serial port: {}
java.io.IOException: Error de entrada/salida in nativeavailable
	at gnu.io.RXTXPort.nativeavailable(Native Method)
	at gnu.io.RXTXPort$SerialInputStream.available(RXTXPort.java:1532)
	at com.xilinx.sdk.debug.core.internal.comm.SerialStreamMonitor.serialEvent(SerialStreamMonitor.java:36)
	at gnu.io.RXTXPort.sendEvent(RXTXPort.java:732)
	at gnu.io.RXTXPort.eventLoop(Native Method)
	at gnu.io.RXTXPort$MonitorThread.run(RXTXPort.java:1575)
13:14:43 ERROR : Unexpected exception while reading from serial port: {}
java.io.IOException: Error de entrada/salida in nativeavailable
	at gnu.io.RXTXPort.nativeavailable(Native Method)
	at gnu.io.RXTXPort$SerialInputStream.available(RXTXPort.java:1532)
	at com.xilinx.sdk.debug.core.internal.comm.SerialStreamMonitor.serialEvent(SerialStreamMonitor.java:36)
	at gnu.io.RXTXPort.sendEvent(RXTXPort.java:732)
	at gnu.io.RXTXPort.eventLoop(Native Method)
	at gnu.io.RXTXPort$MonitorThread.run(RXTXPort.java:1575)
13:14:43 ERROR : Unexpected exception while reading from serial port: {}
java.io.IOException: Error de entrada/salida in nativeavailable
	at gnu.io.RXTXPort.nativeavailable(Native Method)
	at gnu.io.RXTXPort$SerialInputStream.available(RXTXPort.java:1532)
	at com.xilinx.sdk.debug.core.internal.comm.SerialStreamMonitor.serialEvent(SerialStreamMonitor.java:36)
	at gnu.io.RXTXPort.sendEvent(RXTXPort.java:732)
	at gnu.io.RXTXPort.eventLoop(Native Method)
	at gnu.io.RXTXPort$MonitorThread.run(RXTXPort.java:1575)
13:14:43 ERROR : Unexpected exception while reading from serial port: {}
java.io.IOException: Error de entrada/salida in nativeavailable
	at gnu.io.RXTXPort.nativeavailable(Native Method)
	at gnu.io.RXTXPort$SerialInputStream.available(RXTXPort.java:1532)
	at com.xilinx.sdk.debug.core.internal.comm.SerialStreamMonitor.serialEvent(SerialStreamMonitor.java:36)
	at gnu.io.RXTXPort.sendEvent(RXTXPort.java:732)
	at gnu.io.RXTXPort.eventLoop(Native Method)
	at gnu.io.RXTXPort$MonitorThread.run(RXTXPort.java:1575)
13:14:43 ERROR : Unexpected exception while reading from serial port: {}
java.io.IOException: Error de entrada/salida in nativeavailable
	at gnu.io.RXTXPort.nativeavailable(Native Method)
	at gnu.io.RXTXPort$SerialInputStream.available(RXTXPort.java:1532)
	at com.xilinx.sdk.debug.core.internal.comm.SerialStreamMonitor.serialEvent(SerialStreamMonitor.java:36)
	at gnu.io.RXTXPort.sendEvent(RXTXPort.java:732)
	at gnu.io.RXTXPort.eventLoop(Native Method)
	at gnu.io.RXTXPort$MonitorThread.run(RXTXPort.java:1575)
13:14:43 ERROR : Unexpected exception while reading from serial port: {}
java.io.IOException: Error de entrada/salida in nativeavailable
	at gnu.io.RXTXPort.nativeavailable(Native Method)
	at gnu.io.RXTXPort$SerialInputStream.available(RXTXPort.java:1532)
	at com.xilinx.sdk.debug.core.internal.comm.SerialStreamMonitor.serialEvent(SerialStreamMonitor.java:36)
	at gnu.io.RXTXPort.sendEvent(RXTXPort.java:732)
	at gnu.io.RXTXPort.eventLoop(Native Method)
	at gnu.io.RXTXPort$MonitorThread.run(RXTXPort.java:1575)
13:14:43 ERROR : Unexpected exception while reading from serial port: {}
java.io.IOException: Error de entrada/salida in nativeavailable
	at gnu.io.RXTXPort.nativeavailable(Native Method)
	at gnu.io.RXTXPort$SerialInputStream.available(RXTXPort.java:1532)
	at com.xilinx.sdk.debug.core.internal.comm.SerialStreamMonitor.serialEvent(SerialStreamMonitor.java:36)
	at gnu.io.RXTXPort.sendEvent(RXTXPort.java:732)
	at gnu.io.RXTXPort.eventLoop(Native Method)
	at gnu.io.RXTXPort$MonitorThread.run(RXTXPort.java:1575)
13:14:43 ERROR : Unexpected exception while reading from serial port: {}
java.io.IOException: Error de entrada/salida in nativeavailable
	at gnu.io.RXTXPort.nativeavailable(Native Method)
	at gnu.io.RXTXPort$SerialInputStream.available(RXTXPort.java:1532)
	at com.xilinx.sdk.debug.core.internal.comm.SerialStreamMonitor.serialEvent(SerialStreamMonitor.java:36)
	at gnu.io.RXTXPort.sendEvent(RXTXPort.java:732)
	at gnu.io.RXTXPort.eventLoop(Native Method)
	at gnu.io.RXTXPort$MonitorThread.run(RXTXPort.java:1575)
13:14:43 ERROR : Unexpected exception while reading from serial port: {}
java.io.IOException: Error de entrada/salida in nativeavailable
	at gnu.io.RXTXPort.nativeavailable(Native Method)
	at gnu.io.RXTXPort$SerialInputStream.available(RXTXPort.java:1532)
	at com.xilinx.sdk.debug.core.internal.comm.SerialStreamMonitor.serialEvent(SerialStreamMonitor.java:36)
	at gnu.io.RXTXPort.sendEvent(RXTXPort.java:732)
	at gnu.io.RXTXPort.eventLoop(Native Method)
	at gnu.io.RXTXPort$MonitorThread.run(RXTXPort.java:1575)
13:14:43 ERROR : Unexpected exception while reading from serial port: {}
java.io.IOException: Error de entrada/salida in nativeavailable
	at gnu.io.RXTXPort.nativeavailable(Native Method)
	at gnu.io.RXTXPort$SerialInputStream.available(RXTXPort.java:1532)
	at com.xilinx.sdk.debug.core.internal.comm.SerialStreamMonitor.serialEvent(SerialStreamMonitor.java:36)
	at gnu.io.RXTXPort.sendEvent(RXTXPort.java:732)
	at gnu.io.RXTXPort.eventLoop(Native Method)
	at gnu.io.RXTXPort$MonitorThread.run(RXTXPort.java:1575)
13:14:56 INFO  : Connected to target on host '127.0.0.1' and port '3121'.
13:14:56 INFO  : 'targets -set -filter {jtag_cable_name =~ "Digilent Zybo 210279655795A" && level==0} -index 1' command is executed.
13:14:57 INFO  : FPGA configured successfully with bitstream "/home/rcampos/co-diseno/multiplicador_1/multiplicador_1.sdk/design_1_wrapper_hw_platform_0/design_1_wrapper.bit"
13:15:22 INFO  : ps7_init is completed.
13:15:22 INFO  : ps7_post_config is completed.
13:15:22 INFO  : Processor reset is completed for ps7_cortexa9_0
13:15:58 ERROR : Unexpected error while parsing XMD response ￿: com.google.gson.JsonSyntaxException: com.google.gson.stream.MalformedJsonException: invalid number or unquoted string near 
13:17:19 INFO  : Launching XSDB server: xsdb -n -s /opt/Xilinx/SDK/2015.2/scripts/xsdb/xsdb/xsdb-server.tcl
13:17:20 INFO  : XSDB server has started successfully.
13:17:21 INFO  : Processing command line option -hwspec /home/rcampos/co-diseno/multiplicador_1/multiplicador_1.sdk/design_1_wrapper.hdf.
13:17:22 INFO  : Restoring local repository preferences: 
		 /home/rcampos/co-diseno/ip_repo/my_mult_1.0
13:17:22 INFO  : Checking for hwspec changes in the project design_1_wrapper_hw_platform_0.
13:17:46 INFO  : Processor reset is completed for ps7_cortexa9_0
13:18:00 INFO  : Connected to target on host '127.0.0.1' and port '3121'.
13:18:00 INFO  : 'targets -set -filter {jtag_cable_name =~ "Digilent Zybo 210279655795A" && level==0} -index 1' command is executed.
13:18:07 INFO  : FPGA configured successfully with bitstream "/home/rcampos/co-diseno/multiplicador_1/multiplicador_1.sdk/design_1_wrapper_hw_platform_0/design_1_wrapper.bit"
13:18:25 INFO  : ps7_init is completed.
13:18:25 INFO  : ps7_post_config is completed.
13:18:25 INFO  : Processor reset is completed for ps7_cortexa9_0
13:18:47 INFO  : Processor reset is completed for ps7_cortexa9_0
13:20:21 INFO  : Connected to target on host '127.0.0.1' and port '3121'.
13:20:22 INFO  : 'targets -set -filter {jtag_cable_name =~ "Digilent Zybo 210279655795A" && level==0} -index 1' command is executed.
13:20:23 INFO  : FPGA configured successfully with bitstream "/home/rcampos/co-diseno/multiplicador_1/multiplicador_1.sdk/design_1_wrapper_hw_platform_0/design_1_wrapper.bit"
13:20:36 INFO  : ps7_init is completed.
13:20:36 INFO  : ps7_post_config is completed.
13:20:36 INFO  : Processor reset is completed for ps7_cortexa9_0
13:22:11 ERROR : Unexpected error while parsing XMD response ￿: com.google.gson.JsonSyntaxException: com.google.gson.stream.MalformedJsonException: invalid number or unquoted string near 
13:34:21 INFO  : Launching XSDB server: xsdb -n -s /opt/Xilinx/SDK/2015.2/scripts/xsdb/xsdb/xsdb-server.tcl
13:34:22 INFO  : XSDB server has started successfully.
13:34:23 INFO  : Processing command line option -hwspec /home/rcampos/co-diseno/multiplicador_1/multiplicador_1.sdk/design_1_wrapper.hdf.
13:34:23 INFO  : Restoring local repository preferences: 
		 /home/rcampos/co-diseno/ip_repo/my_mult_1.0
13:34:24 INFO  : Checking for hwspec changes in the project design_1_wrapper_hw_platform_0.
13:34:26 INFO  : SDK has detected change in the last modified timestamps for source hardware specification file Source:1443630760000,  Project:1443629395000
13:34:26 INFO  : The hardware specification for project 'design_1_wrapper_hw_platform_0' is different from /home/rcampos/co-diseno/multiplicador_1/multiplicador_1.sdk/design_1_wrapper.hdf.
13:34:26 INFO  : Copied contents of /home/rcampos/co-diseno/multiplicador_1/multiplicador_1.sdk/design_1_wrapper.hdf into /design_1_wrapper_hw_platform_0/system.hdf.
13:34:29 INFO  : Synchronizing projects in the workspace with the hardware platform specification changes.
13:34:31 INFO  : 
13:34:32 INFO  : Updating hardware inferred compiler options for test_my_mult.
13:34:32 INFO  : Clearing existing target manager status.
13:34:43 INFO  : Connected to target on host '127.0.0.1' and port '3121'.
13:34:43 INFO  : 'targets -set -filter {jtag_cable_name =~ "Digilent Zybo 210279655795A" && level==0} -index 1' command is executed.
13:34:45 INFO  : FPGA configured successfully with bitstream "/home/rcampos/co-diseno/multiplicador_1/multiplicador_1.sdk/design_1_wrapper_hw_platform_0/design_1_wrapper.bit"
13:35:03 INFO  : Processor reset is completed for ps7_cortexa9_0
13:35:18 INFO  : Processor reset is completed for ps7_cortexa9_0
13:35:31 ERROR : Unexpected error while parsing XMD response ￿: com.google.gson.JsonSyntaxException: com.google.gson.stream.MalformedJsonException: invalid number or unquoted string near 
11:19:19 INFO  : Launching XSDB server: xsdb -n -s /opt/Xilinx/SDK/2015.2/scripts/xsdb/xsdb/xsdb-server.tcl
11:19:23 INFO  : XSDB server has started successfully.
11:19:25 INFO  : Processing command line option -hwspec /home/rcampos/co-diseno/multiplicador_1/multiplicador_1.sdk/design_1_wrapper.hdf.
11:19:27 INFO  : Checking for hwspec changes in the project design_1_wrapper_hw_platform_0.
11:19:29 INFO  : SDK has detected change in the last modified timestamps for source hardware specification file Source:1444832293000,  Project:1443630760000
11:19:29 INFO  : The hardware specification for project 'design_1_wrapper_hw_platform_0' is different from /home/rcampos/co-diseno/multiplicador_1/multiplicador_1.sdk/design_1_wrapper.hdf.
11:19:29 INFO  : Copied contents of /home/rcampos/co-diseno/multiplicador_1/multiplicador_1.sdk/design_1_wrapper.hdf into /design_1_wrapper_hw_platform_0/system.hdf.
11:19:39 INFO  : Restoring local repository preferences: 
		 /home/rcampos/co-diseno/ip_repo/my_mult_1.0
11:19:41 INFO  : Synchronizing projects in the workspace with the hardware platform specification changes.
11:19:44 INFO  : 
11:19:45 INFO  : Updating hardware inferred compiler options for test_my_mult.
11:19:45 INFO  : Clearing existing target manager status.
11:26:12 ERROR : Checking FPGA configuration failed..Connection to Board Failed


    Unknown Error Occured
    Cable is not connected to the host

11:26:12 ERROR : Unexpected error while launching program.
com.xilinx.sdk.targetmanager.TMException: Connection to Board Failed


    Unknown Error Occured
    Cable is not connected to the host

	at com.xilinx.sdk.targetmanager.internal.TM.isFPGAConfigured(TM.java:372)
	at com.xilinx.sdk.debug.core.XilinxAppLaunchConfigurationDelegate.isFpgaConfigured(XilinxAppLaunchConfigurationDelegate.java:381)
	at com.xilinx.sdk.debug.core.XilinxAppLaunchConfigurationDelegate.launch(XilinxAppLaunchConfigurationDelegate.java:290)
	at com.xilinx.sdk.debug.ui.XilinxAppLaunchDelegateWrapper.launch(XilinxAppLaunchDelegateWrapper.java:31)
	at org.eclipse.debug.internal.core.LaunchConfiguration.launch(LaunchConfiguration.java:858)
	at org.eclipse.debug.internal.core.LaunchConfiguration.launch(LaunchConfiguration.java:707)
	at org.eclipse.debug.internal.ui.DebugUIPlugin.buildAndLaunch(DebugUIPlugin.java:1018)
	at org.eclipse.debug.internal.ui.DebugUIPlugin$8.run(DebugUIPlugin.java:1222)
	at org.eclipse.core.internal.jobs.Worker.run(Worker.java:53)
11:26:38 INFO  : Connected to target on host '127.0.0.1' and port '3121'.
11:26:38 INFO  : 'targets -set -filter {jtag_cable_name =~ "Digilent Zybo 210279655795A" && level==0} -index 1' command is executed.
11:26:40 INFO  : FPGA configured successfully with bitstream "/home/rcampos/co-diseno/multiplicador_1/multiplicador_1.sdk/design_1_wrapper_hw_platform_0/design_1_wrapper.bit"
11:27:02 INFO  : ps7_init is completed.
11:27:02 INFO  : ps7_post_config is completed.
11:27:02 INFO  : Processor reset is completed for ps7_cortexa9_0
11:27:58 INFO  : Connected to target on host '127.0.0.1' and port '3121'.
11:27:58 INFO  : 'targets -set -filter {jtag_cable_name =~ "Digilent Zybo 210279655795A" && level==0} -index 1' command is executed.
11:28:00 INFO  : FPGA configured successfully with bitstream "/home/rcampos/co-diseno/multiplicador_1/multiplicador_1.sdk/design_1_wrapper_hw_platform_0/design_1_wrapper.bit"
11:28:22 INFO  : Connected to target on host '127.0.0.1' and port '3121'.
11:28:22 INFO  : 'targets -set -filter {jtag_cable_name =~ "Digilent Zybo 210279655795A" && level==0} -index 1' command is executed.
11:28:22 INFO  : 'fpga -state' command is executed.
11:28:22 INFO  : Connected to target on host '127.0.0.1' and port '3121'.
11:28:23 INFO  : 'targets -set -filter {name =~"APU" && jtag_cable_name =~ "Digilent Zybo 210279655795A"} -index 0' command is executed.
11:28:25 INFO  : Mermory regions for PS have been updated.
11:28:26 INFO  : Sourcing of '/home/rcampos/co-diseno/multiplicador_1/multiplicador_1.sdk/design_1_wrapper_hw_platform_0/ps7_init.tcl' is done.
11:28:26 INFO  : 'targets -set -filter {name =~"APU" && jtag_cable_name =~ "Digilent Zybo 210279655795A"} -index 0' command is executed.
11:28:26 INFO  : 'ps7_init' command is executed.
11:28:26 INFO  : 'ps7_post_config' command is executed.
11:28:27 INFO  : Context for processor 'ps7_cortexa9_0' is selected.
11:28:27 INFO  : Processor reset is completed for 'ps7_cortexa9_0'.
11:28:27 INFO  : Context for processor 'ps7_cortexa9_0' is selected.
11:28:27 INFO  : The application '/home/rcampos/co-diseno/multiplicador_1/multiplicador_1.sdk/test_my_mult/Debug/test_my_mult.elf' is downloaded to processor 'ps7_cortexa9_0'.
11:28:27 INFO  : ----------------XSDB Script----------------
connect -url tcp:127.0.0.1:3121
targets -set -filter {name =~"APU" && jtag_cable_name =~ "Digilent Zybo 210279655795A"} -index 0
memmap -addr 1136656384 -size 65536 -flags 3
memmap -addr 4160782336 -size 4096 -flags 3
memmap -addr 4160786432 -size 4096 -flags 3
memmap -addr 4160790528 -size 4096 -flags 3
memmap -addr 4160794624 -size 4096 -flags 3
memmap -addr 4169138176 -size 1048576 -flags 3
memmap -addr 1048576 -size 535822336 -flags 3
memmap -addr 4160774144 -size 4096 -flags 3
memmap -addr 4160778240 -size 256 -flags 3
memmap -addr 4160765952 -size 4096 -flags 3
memmap -addr 4160761856 -size 4096 -flags 3
memmap -addr 4176478720 -size 256 -flags 3
memmap -addr 4170186752 -size 1048576 -flags 3
memmap -addr 4176482304 -size 4096 -flags 3
memmap -addr 3760193536 -size 4096 -flags 3
memmap -addr 4176486400 -size 4096 -flags 3
memmap -addr 4160798720 -size 4096 -flags 3
memmap -addr 4176486400 -size 4096 -flags 3
memmap -addr 4169732096 -size 4096 -flags 3
memmap -addr 0 -size 196608 -flags 3
memmap -addr 4294901760 -size 65024 -flags 3
memmap -addr 4176478208 -size 253 -flags 3
memmap -addr 4176482304 -size 4096 -flags 3
memmap -addr 4176479744 -size 32 -flags 3
memmap -addr 4176479776 -size 224 -flags 3
memmap -addr 4160749568 -size 4096 -flags 3
memmap -addr 3758100480 -size 4096 -flags 3
memmap -addr 4160778496 -size 33 -flags 3
source /home/rcampos/co-diseno/multiplicador_1/multiplicador_1.sdk/design_1_wrapper_hw_platform_0/ps7_init.tcl
targets -set -filter {name =~"APU" && jtag_cable_name =~ "Digilent Zybo 210279655795A"} -index 0
ps7_init
ps7_post_config
targets -set -nocase -filter {name =~ "ARM*#0" && jtag_cable_name =~ "Digilent Zybo 210279655795A"} -index 0
rst -processor
targets -set -nocase -filter {name =~ "ARM*#0" && jtag_cable_name =~ "Digilent Zybo 210279655795A"} -index 0
dow /home/rcampos/co-diseno/multiplicador_1/multiplicador_1.sdk/test_my_mult/Debug/test_my_mult.elf
----------------End of Script----------------

11:28:27 INFO  : Memory regions updated for context APU
11:28:27 INFO  : Context for processor 'ps7_cortexa9_0' is selected.
11:28:27 INFO  : 'con' command is executed.
11:28:27 INFO  : ----------------XSDB Script (After Launch)----------------
targets -set -nocase -filter {name =~ "ARM*#0" && jtag_cable_name =~ "Digilent Zybo 210279655795A"} -index 0
con
----------------End of Script----------------

11:28:42 INFO  : Disconnected from the channel tcfchan#1.
11:28:43 INFO  : Processor reset is completed for ps7_cortexa9_0
11:28:55 ERROR : Unexpected error while parsing XMD response ￿: com.google.gson.JsonSyntaxException: com.google.gson.stream.MalformedJsonException: invalid number or unquoted string near 
11:50:47 INFO  : Launching XSDB server: xsdb -n -s /opt/Xilinx/SDK/2015.2/scripts/xsdb/xsdb/xsdb-server.tcl
11:50:48 INFO  : XSDB server has started successfully.
11:50:49 INFO  : Processing command line option -hwspec /home/rcampos/co-diseno/multiplicador_1/multiplicador_1.sdk/design_1_wrapper.hdf.
11:50:50 INFO  : Restoring local repository preferences: 
		 /home/rcampos/co-diseno/ip_repo/my_mult_1.0
11:50:50 INFO  : Checking for hwspec changes in the project design_1_wrapper_hw_platform_0.
11:50:51 INFO  : SDK has detected change in the last modified timestamps for source hardware specification file Source:1444834206000,  Project:1444832293000
11:50:51 INFO  : The hardware specification for project 'design_1_wrapper_hw_platform_0' is different from /home/rcampos/co-diseno/multiplicador_1/multiplicador_1.sdk/design_1_wrapper.hdf.
11:50:51 INFO  : Copied contents of /home/rcampos/co-diseno/multiplicador_1/multiplicador_1.sdk/design_1_wrapper.hdf into /design_1_wrapper_hw_platform_0/system.hdf.
11:51:00 INFO  : Synchronizing projects in the workspace with the hardware platform specification changes.
11:51:02 INFO  : 
11:51:03 INFO  : Updating hardware inferred compiler options for test_my_mult.
11:51:03 INFO  : Clearing existing target manager status.
11:51:19 INFO  : Connected to target on host '127.0.0.1' and port '3121'.
11:51:19 INFO  : 'targets -set -filter {jtag_cable_name =~ "Digilent Zybo 210279655795A" && level==0} -index 1' command is executed.
11:51:20 INFO  : FPGA configured successfully with bitstream "/home/rcampos/co-diseno/multiplicador_1/multiplicador_1.sdk/design_1_wrapper_hw_platform_0/design_1_wrapper.bit"
11:51:34 INFO  : Processor reset is completed for ps7_cortexa9_0
11:52:11 INFO  : Connected to target on host '127.0.0.1' and port '3121'.
11:52:11 INFO  : 'targets -set -filter {jtag_cable_name =~ "Digilent Zybo 210279655795A" && level==0} -index 1' command is executed.
11:52:12 INFO  : FPGA configured successfully with bitstream "/home/rcampos/co-diseno/multiplicador_1/multiplicador_1.sdk/design_1_wrapper_hw_platform_0/design_1_wrapper.bit"
11:52:31 INFO  : ps7_init is completed.
11:52:31 INFO  : ps7_post_config is completed.
11:52:31 INFO  : Processor reset is completed for ps7_cortexa9_0
11:56:02 INFO  : Connected to target on host '127.0.0.1' and port '3121'.
11:56:02 INFO  : 'targets -set -filter {jtag_cable_name =~ "Digilent Zybo 210279655795A" && level==0} -index 1' command is executed.
11:56:03 INFO  : FPGA configured successfully with bitstream "/home/rcampos/co-diseno/multiplicador_1/multiplicador_1.sdk/design_1_wrapper_hw_platform_0/design_1_wrapper.bit"
11:56:13 INFO  : ps7_init is completed.
11:56:14 INFO  : ps7_post_config is completed.
11:56:14 INFO  : Processor reset is completed for ps7_cortexa9_0
11:57:14 INFO  : Connected to target on host '127.0.0.1' and port '3121'.
11:57:14 INFO  : 'targets -set -filter {jtag_cable_name =~ "Digilent Zybo 210279655795A" && level==0} -index 1' command is executed.
11:57:21 INFO  : FPGA configured successfully with bitstream "/home/rcampos/co-diseno/multiplicador_1/multiplicador_1.sdk/design_1_wrapper_hw_platform_0/design_1_wrapper.bit"
11:57:26 INFO  : ps7_init is completed.
11:57:26 INFO  : ps7_post_config is completed.
11:57:27 INFO  : Processor reset is completed for ps7_cortexa9_0
11:58:21 INFO  : Connected to target on host '127.0.0.1' and port '3121'.
11:58:21 INFO  : 'targets -set -filter {jtag_cable_name =~ "Digilent Zybo 210279655795A" && level==0} -index 1' command is executed.
11:58:22 INFO  : FPGA configured successfully with bitstream "/home/rcampos/co-diseno/multiplicador_1/multiplicador_1.sdk/design_1_wrapper_hw_platform_0/design_1_wrapper.bit"
11:58:34 INFO  : ps7_init is completed.
11:58:34 INFO  : ps7_post_config is completed.
11:58:34 INFO  : Processor reset is completed for ps7_cortexa9_0
11:59:54 ERROR : Unexpected error while parsing XMD response ￿: com.google.gson.JsonSyntaxException: com.google.gson.stream.MalformedJsonException: invalid number or unquoted string near 
12:29:42 INFO  : Launching XSDB server: xsdb -n -s /opt/Xilinx/SDK/2015.2/scripts/xsdb/xsdb/xsdb-server.tcl
12:29:43 INFO  : XSDB server has started successfully.
12:29:44 INFO  : Processing command line option -hwspec /home/rcampos/co-diseno/multiplicador_1/multiplicador_1.sdk/design_1_wrapper.hdf.
12:29:44 INFO  : Restoring local repository preferences: 
		 /home/rcampos/co-diseno/ip_repo/my_mult_1.0
12:29:45 INFO  : Checking for hwspec changes in the project design_1_wrapper_hw_platform_0.
