#-----------------------------------------------------------
# Webtalk v2015.2 (64-bit)
# SW Build 1266856 on Fri Jun 26 16:35:25 MDT 2015
# 
# Start of session at: Wed Sep  9 13:02:56 2015
# Process ID: 17442
# Log file: /home/rcampos/co-diseno/labo2_1/labo2_1.sdk/webtalk/webtalk.log
# Journal file: /home/rcampos/co-diseno/labo2_1/labo2_1.sdk/webtalk/webtalk.jou
#-----------------------------------------------------------
source sdk_webtalk.tcl
# webtalk_init -webtalk_dir /home/rcampos/co-diseno/labo2_1/labo2_1.sdk/webtalk
# webtalk_register_client -client project
# webtalk_add_data -client project -key date_generated -value "mié sep 9 13:02:55 2015" -context "software_version_and_target_device"
# webtalk_add_data -client project -key product_version -value "SDK v2015.2" -context "software_version_and_target_device"
# webtalk_add_data -client project -key build_version -value "2015.2" -context "software_version_and_target_device"
# webtalk_add_data -client project -key os_platform -value "amd64" -context "software_version_and_target_device"
# webtalk_add_data -client project -key registration_id -value "" -context "software_version_and_target_device"
# webtalk_add_data -client project -key tool_flow -value "SDK" -context "software_version_and_target_device"
# webtalk_add_data -client project -key beta -value "false" -context "software_version_and_target_device"
# webtalk_add_data -client project -key route_design -value "NA" -context "software_version_and_target_device"
# webtalk_add_data -client project -key target_family -value "NA" -context "software_version_and_target_device"
# webtalk_add_data -client project -key target_device -value "NA" -context "software_version_and_target_device"
# webtalk_add_data -client project -key target_package -value "NA" -context "software_version_and_target_device"
# webtalk_add_data -client project -key target_speed -value "NA" -context "software_version_and_target_device"
# webtalk_add_data -client project -key random_id -value "62bhnj1unve4p51f4uqe868uee" -context "software_version_and_target_device"
# webtalk_add_data -client project -key project_id -value "2015.2_4" -context "software_version_and_target_device"
# webtalk_add_data -client project -key project_iteration -value "4" -context "software_version_and_target_device"
# webtalk_add_data -client project -key os_name -value "" -context "user_environment"
# webtalk_add_data -client project -key os_release -value "" -context "user_environment"
# webtalk_add_data -client project -key cpu_name -value "" -context "user_environment"
# webtalk_add_data -client project -key cpu_speed -value "" -context "user_environment"
# webtalk_add_data -client project -key total_processors -value "" -context "user_environment"
# webtalk_add_data -client project -key system_ram -value "" -context "user_environment"
# webtalk_register_client -client sdk
# webtalk_add_data -client sdk -key uid -value "1441812155000" -context "sdk\\\\bsp/1441812155000"
# webtalk_add_data -client sdk -key hwid -value "1441811561000" -context "sdk\\\\bsp/1441812155000"
# webtalk_add_data -client sdk -key os -value "standalone" -context "sdk\\\\bsp/1441812155000"
# webtalk_add_data -client sdk -key apptemplate -value "null" -context "sdk\\\\bsp/1441812155000"
# webtalk_add_data -client sdk -key uid -value "1441812275000" -context "sdk\\\\application/1441812275000"
# webtalk_add_data -client sdk -key hwid -value "1441811561000" -context "sdk\\\\application/1441812275000"
# webtalk_add_data -client sdk -key bspid -value "1441812155000" -context "sdk\\\\application/1441812275000"
# webtalk_add_data -client sdk -key newbsp -value "false" -context "sdk\\\\application/1441812275000"
# webtalk_add_data -client sdk -key os -value "standalone" -context "sdk\\\\application/1441812275000"
# webtalk_add_data -client sdk -key apptemplate -value "hello_world" -context "sdk\\\\application/1441812275000"
# webtalk_transmit -clientid 727285918 -regid "" -xml /home/rcampos/co-diseno/labo2_1/labo2_1.sdk/webtalk/usage_statistics_ext_sdk.xml -html /home/rcampos/co-diseno/labo2_1/labo2_1.sdk/webtalk/usage_statistics_ext_sdk.html -wdm /home/rcampos/co-diseno/labo2_1/labo2_1.sdk/webtalk/sdk_webtalk.wdm -intro "<H3>SDK Usage Report</H3><BR>"
INFO: [Common 17-186] '/home/rcampos/co-diseno/labo2_1/labo2_1.sdk/webtalk/usage_statistics_ext_sdk.xml' has been successfully sent to Xilinx on Wed Sep  9 13:02:59 2015. For additional details about this file, please refer to the WebTalk help file at /opt/Xilinx/SDK/2015.2/doc/webtalk_introduction.html.
# webtalk_terminate
INFO: [Common 17-206] Exiting Webtalk at Wed Sep  9 13:02:59 2015...
